<?xml version="1.0" encoding="UTF-8"?>
<testsuite xmlns:xsi="http://www.w3.org/2001/XMLSchema-instance" xsi:noNamespaceSchemaLocation="https://maven.apache.org/surefire/maven-surefire-plugin/xsd/surefire-test-report.xsd" name="io.pronab.app.TestToyRobot" time="0.101" tests="6" errors="0" skipped="0" failures="0">
  <properties>
[...]
</properties>
  <testcase name="testCommand_LEFT_ToyRobot" classname="io.pronab.app.TestToyRobot" time="0.035"/>
  <testcase name="testCommand_RIGHT_ToyRobot" classname="io.pronab.app.TestToyRobot" time="0"/>
  <testcase name="testconstrain_ToyRobot" classname="io.pronab.app.TestToyRobot" time="0.003"/>
  <testcase name="testCommand_MOVE__ToyRobot" classname="io.pronab.app.TestToyRobot" time="0.001"/>
  <testcase name="testBinding_ToyRobot_CommandActs" classname="io.pronab.app.TestToyRobot" time="0.05"/>
  <testcase name="testCommand_PLACE_ToyRobot" classname="io.pronab.app.TestToyRobot" time="0.001"/>
</testsuite>